<?xml version="1.0" encoding="UTF-8"?>
<testsuite xmlns:xsi="http://www.w3.org/2001/XMLSchema-instance" xsi:noNamespaceSchemaLocation="https://maven.apache.org/surefire/maven-surefire-plugin/xsd/surefire-test-report-3.0.xsd" version="3.0" name="TestSuite" time="40.971" tests="7" errors="0" skipped="0" failures="0">
  <properties>
[...]
</properties>
  <testcase name="verifyLoginSuccessful_001" classname="testcases.LoginTestcases" time="3.012">
    <system-out><![CDATA[[TestNGContentHandler] [WARN] It is strongly recommended to add "<!DOCTYPE suite SYSTEM "https://testng.org/testng-1.0.dtd" >" at the top of the suite file [C:\Users\fakhr\eclipse-workspace-2\MavenProjectAug2021\testng.xml] otherwise TestNG may fail or not work as expected.
[main] DEBUG testbase.TestBase  - Log4j appender configuration is successful !!
[main] INFO  testbase.TestBase  - Reading configuration file
[main] INFO  testbase.TestBase  - loading file to Properties
[main] INFO  testbase.TestBase  - Reading browser file
[main] INFO  testbase.TestBase  - starting chrome
[main] INFO  testbase.TestBase  - opening test url
[main] INFO  pages.LoginPage  - Login Page Constructor
[main] INFO  pages.LoginPage  - Initializing Login Page
[main] INFO  pages.DashboardPage  - Dashboard Page Constructor
[main] INFO  pages.DashboardPage  - Initializing Page Elements
[main] INFO  pages.DashboardPage  - ForgotPassword Page Constructor
[main] INFO  pages.DashboardPage  - Initilizing Forgot Password Page
[main] INFO  pages.LoginPage  - Login to app
[main] INFO  pages.DashboardPage  - Verifying Logged user displayed
[main] INFO  pages.DashboardPage  - Logout of application
]]></system-out>
    <system-err><![CDATA[Starting ChromeDriver 92.0.4515.107 (87a818b10553a07434ea9e2b6dccf3cbe7895134-refs/branch-heads/4515@{#1634}) on port 19406
Only local connections are allowed.
Please see https://chromedriver.chromium.org/security-considerations for suggestions on keeping ChromeDriver safe.
ChromeDriver was started successfully.
Aug 29, 2021 3:31:39 PM org.openqa.selenium.remote.ProtocolHandshake createSession
INFO: Detected dialect: W3C
]]></system-err>
  </testcase>
  <testcase name="verifyLoginUnsuccessful_002[xyz, abc](1)" classname="testcases.LoginTestcases" time="1.024">
    <system-out><![CDATA[[main] DEBUG testbase.TestBase  - Log4j appender configuration is successful !!
[main] INFO  testbase.TestBase  - Reading configuration file
[main] INFO  testbase.TestBase  - loading file to Properties
[main] INFO  testbase.TestBase  - Reading browser file
[main] INFO  testbase.TestBase  - starting chrome
[main] INFO  testbase.TestBase  - opening test url
[main] INFO  pages.LoginPage  - Login Page Constructor
[main] INFO  pages.LoginPage  - Initializing Login Page
[main] INFO  pages.DashboardPage  - Dashboard Page Constructor
[main] INFO  pages.DashboardPage  - Initializing Page Elements
[main] INFO  pages.DashboardPage  - ForgotPassword Page Constructor
[main] INFO  pages.DashboardPage  - Initilizing Forgot Password Page
[main] INFO  pages.LoginPage  - Login to app
[main] INFO  pages.LoginPage  - Error text displayed
[main] INFO  pages.LoginPage  - erros Text:Invalid credentials
[main] INFO  pages.LoginPage  - erros Text:Invalid credentials
]]></system-out>
    <system-err><![CDATA[Starting ChromeDriver 92.0.4515.107 (87a818b10553a07434ea9e2b6dccf3cbe7895134-refs/branch-heads/4515@{#1634}) on port 34340
Only local connections are allowed.
Please see https://chromedriver.chromium.org/security-considerations for suggestions on keeping ChromeDriver safe.
ChromeDriver was started successfully.
Aug 29, 2021 3:31:45 PM org.openqa.selenium.remote.ProtocolHandshake createSession
INFO: Detected dialect: W3C
]]></system-err>
  </testcase>
  <testcase name="verifyForgotPassword_003" classname="testcases.LoginTestcases" time="0.662">
    <system-out><![CDATA[[main] DEBUG testbase.TestBase  - Log4j appender configuration is successful !!
[main] INFO  testbase.TestBase  - Reading configuration file
[main] INFO  testbase.TestBase  - loading file to Properties
[main] INFO  testbase.TestBase  - Reading browser file
[main] INFO  testbase.TestBase  - starting chrome
[main] INFO  testbase.TestBase  - opening test url
[main] INFO  pages.LoginPage  - Login Page Constructor
[main] INFO  pages.LoginPage  - Initializing Login Page
[main] INFO  pages.DashboardPage  - Dashboard Page Constructor
[main] INFO  pages.DashboardPage  - Initializing Page Elements
[main] INFO  pages.DashboardPage  - ForgotPassword Page Constructor
[main] INFO  pages.DashboardPage  - Initilizing Forgot Password Page
[main] INFO  pages.LoginPage  - going to Forgot Password Page
[main] DEBUG pages.DashboardPage  - Reset Password Button displayed
]]></system-out>
    <system-err><![CDATA[Starting ChromeDriver 92.0.4515.107 (87a818b10553a07434ea9e2b6dccf3cbe7895134-refs/branch-heads/4515@{#1634}) on port 39239
Only local connections are allowed.
Please see https://chromedriver.chromium.org/security-considerations for suggestions on keeping ChromeDriver safe.
ChromeDriver was started successfully.
Aug 29, 2021 3:31:49 PM org.openqa.selenium.remote.ProtocolHandshake createSession
INFO: Detected dialect: W3C
]]></system-err>
  </testcase>
  <testcase name="verifyQuickLaunchItemsCount" classname="testcases.DashboardTestcases" time="2.044">
    <system-out><![CDATA[[main] DEBUG testbase.TestBase  - Log4j appender configuration is successful !!
[main] INFO  testbase.TestBase  - Reading configuration file
[main] INFO  testbase.TestBase  - loading file to Properties
[main] INFO  testbase.TestBase  - Reading browser file
[main] INFO  testbase.TestBase  - starting chrome
[main] INFO  testbase.TestBase  - opening test url
[main] INFO  pages.LoginPage  - Login Page Constructor
[main] INFO  pages.LoginPage  - Initializing Login Page
[main] INFO  pages.DashboardPage  - Dashboard Page Constructor
[main] INFO  pages.DashboardPage  - Initializing Page Elements
[main] INFO  pages.LoginPage  - Login to app
[main] INFO  pages.DashboardPage  - Verifying Logged user displayed
[main] INFO  pages.DashboardPage  - Quick Launch item count:6
]]></system-out>
    <system-err><![CDATA[Starting ChromeDriver 92.0.4515.107 (87a818b10553a07434ea9e2b6dccf3cbe7895134-refs/branch-heads/4515@{#1634}) on port 18273
Only local connections are allowed.
Please see https://chromedriver.chromium.org/security-considerations for suggestions on keeping ChromeDriver safe.
ChromeDriver was started successfully.
Aug 29, 2021 3:31:52 PM org.openqa.selenium.remote.ProtocolHandshake createSession
INFO: Detected dialect: W3C
]]></system-err>
  </testcase>
  <testcase name="verifyQuickLaunchItems" classname="testcases.DashboardTestcases" time="1.936">
    <system-out><![CDATA[[main] INFO  pages.DashboardPage  - Logout of application
[main] DEBUG testbase.TestBase  - Log4j appender configuration is successful !!
[main] INFO  testbase.TestBase  - Reading configuration file
[main] INFO  testbase.TestBase  - loading file to Properties
[main] INFO  testbase.TestBase  - Reading browser file
[main] INFO  testbase.TestBase  - starting chrome
[main] INFO  testbase.TestBase  - opening test url
[main] INFO  pages.LoginPage  - Login Page Constructor
[main] INFO  pages.LoginPage  - Initializing Login Page
[main] INFO  pages.DashboardPage  - Dashboard Page Constructor
[main] INFO  pages.DashboardPage  - Initializing Page Elements
[main] INFO  pages.LoginPage  - Login to app
[main] INFO  pages.DashboardPage  - Verifying Logged user displayed
[main] INFO  pages.DashboardPage  - Quick Launch items:[Assign Leave, Leave List, Timesheets, Apply Leave, My Leave, My Timesheet]
]]></system-out>
    <system-err><![CDATA[Starting ChromeDriver 92.0.4515.107 (87a818b10553a07434ea9e2b6dccf3cbe7895134-refs/branch-heads/4515@{#1634}) on port 37126
Only local connections are allowed.
Please see https://chromedriver.chromium.org/security-considerations for suggestions on keeping ChromeDriver safe.
ChromeDriver was started successfully.
Aug 29, 2021 3:31:58 PM org.openqa.selenium.remote.ProtocolHandshake createSession
INFO: Detected dialect: W3C
]]></system-err>
  </testcase>
  <testcase name="verifyMyInfoSideMenuCount" classname="testcases.MyInfoTestcase" time="2.558">
    <system-out><![CDATA[[main] INFO  pages.DashboardPage  - Logout of application
[main] DEBUG testbase.TestBase  - Log4j appender configuration is successful !!
[main] INFO  testbase.TestBase  - Reading configuration file
[main] INFO  testbase.TestBase  - loading file to Properties
[main] INFO  testbase.TestBase  - Reading browser file
[main] INFO  testbase.TestBase  - starting chrome
[main] INFO  testbase.TestBase  - opening test url
[main] INFO  pages.LoginPage  - Login Page Constructor
[main] INFO  pages.LoginPage  - Initializing Login Page
[main] INFO  pages.DashboardPage  - Dashboard Page Constructor
[main] INFO  pages.DashboardPage  - Initializing Page Elements
[main] INFO  pages.LoginPage  - MyInfo Page Constructor
[main] DEBUG pages.LoginPage  - Initilizing MyInfo Page
[main] INFO  pages.LoginPage  - Login to app
[main] INFO  pages.DashboardPage  - Verifying Logged user displayed
[main] INFO  pages.LoginPage  - Go to My info Page
[main] INFO  pages.LoginPage  - Myinfo Side Menu item count:11
]]></system-out>
    <system-err><![CDATA[Starting ChromeDriver 92.0.4515.107 (87a818b10553a07434ea9e2b6dccf3cbe7895134-refs/branch-heads/4515@{#1634}) on port 45558
Only local connections are allowed.
Please see https://chromedriver.chromium.org/security-considerations for suggestions on keeping ChromeDriver safe.
ChromeDriver was started successfully.
Aug 29, 2021 3:32:04 PM org.openqa.selenium.remote.ProtocolHandshake createSession
INFO: Detected dialect: W3C
]]></system-err>
  </testcase>
  <testcase name="verifyMyInfoSideMenuItems" classname="testcases.MyInfoTestcase" time="2.633">
    <system-out><![CDATA[[main] INFO  pages.DashboardPage  - Logout of application
[main] DEBUG testbase.TestBase  - Log4j appender configuration is successful !!
[main] INFO  testbase.TestBase  - Reading configuration file
[main] INFO  testbase.TestBase  - loading file to Properties
[main] INFO  testbase.TestBase  - Reading browser file
[main] INFO  testbase.TestBase  - starting chrome
[main] INFO  testbase.TestBase  - opening test url
[main] INFO  pages.LoginPage  - Login Page Constructor
[main] INFO  pages.LoginPage  - Initializing Login Page
[main] INFO  pages.DashboardPage  - Dashboard Page Constructor
[main] INFO  pages.DashboardPage  - Initializing Page Elements
[main] INFO  pages.LoginPage  - MyInfo Page Constructor
[main] DEBUG pages.LoginPage  - Initilizing MyInfo Page
[main] INFO  pages.LoginPage  - Login to app
[main] INFO  pages.DashboardPage  - Verifying Logged user displayed
[main] INFO  pages.LoginPage  - Go to My info Page
[main] INFO  pages.LoginPage  - Myinfo Side Menu items:[Personal Details, Contact Details, Emergency Contacts, Dependents, Immigration, Job, Salary, Tax Exemptions, Report-to, Qualifications, Memberships]
]]></system-out>
    <system-err><![CDATA[Starting ChromeDriver 92.0.4515.107 (87a818b10553a07434ea9e2b6dccf3cbe7895134-refs/branch-heads/4515@{#1634}) on port 32876
Only local connections are allowed.
Please see https://chromedriver.chromium.org/security-considerations for suggestions on keeping ChromeDriver safe.
ChromeDriver was started successfully.
Aug 29, 2021 3:32:10 PM org.openqa.selenium.remote.ProtocolHandshake createSession
INFO: Detected dialect: W3C
]]></system-err>
  </testcase>
</testsuite>