<?xml version="1.0" encoding="UTF-8"?>
<!-- Generated by org.testng.reporters.JUnitXMLReporter -->
<testsuite hostname="LAPTOP-JEI8AS0O" ignored="0" name="Login Test" tests="3" failures="0" timestamp="2021-08-29T15:31:51 EDT" time="14.986" errors="0">
  <testcase name="verifyLoginSuccessful_001" time="3.045" classname="testcases.LoginTestcases"/>
  <testcase name="verifyLoginUnsuccessful_002" time="1.054" classname="testcases.LoginTestcases"/>
  <testcase name="verifyForgotPassword_003" time="0.682" classname="testcases.LoginTestcases"/>
</testsuite> <!-- Login Test -->
